<?xml version="1.0" encoding="UTF-8"?>
<testsuite xmlns:xsi="http://www.w3.org/2001/XMLSchema-instance" xsi:noNamespaceSchemaLocation="https://maven.apache.org/surefire/maven-surefire-plugin/xsd/surefire-test-report.xsd" name="us.pserver.tools.test.TestReflect" time="98.36" tests="33" errors="0" skipped="0" failures="0">
  <properties>
    <property name="sun.desktop" value="gnome"/>
    <property name="awt.toolkit" value="sun.awt.X11.XToolkit"/>
    <property name="java.specification.version" value="11"/>
    <property name="sun.cpu.isalist" value=""/>
    <property name="sun.jnu.encoding" value="UTF-8"/>
    <property name="java.class.path" value="/home/juno/.m2/repository/org/apache/maven/surefire/surefire-booter/2.22.1/surefire-booter-2.22.1.jar:/home/juno/.m2/repository/org/apache/maven/surefire/surefire-api/2.22.1/surefire-api-2.22.1.jar:/home/juno/.m2/repository/org/apache/maven/surefire/surefire-logger-api/2.22.1/surefire-logger-api-2.22.1.jar:/media/storage/java/toolbox-pom/tools/target/test-classes:/home/juno/.m2/repository/org/junit/jupiter/junit-jupiter-api/5.4.1/junit-jupiter-api-5.4.1.jar:/home/juno/.m2/repository/org/apiguardian/apiguardian-api/1.0.0/apiguardian-api-1.0.0.jar:/home/juno/.m2/repository/org/opentest4j/opentest4j/1.1.1/opentest4j-1.1.1.jar:/home/juno/.m2/repository/org/junit/platform/junit-platform-commons/1.4.1/junit-platform-commons-1.4.1.jar:/home/juno/.m2/repository/org/junit/jupiter/junit-jupiter-engine/5.4.1/junit-jupiter-engine-5.4.1.jar:/home/juno/.m2/repository/org/junit/platform/junit-platform-engine/1.4.1/junit-platform-engine-1.4.1.jar:/home/juno/.m2/repository/org/apache/maven/surefire/surefire-junit-platform/2.22.1/surefire-junit-platform-2.22.1.jar:/home/juno/.m2/repository/org/junit/platform/junit-platform-launcher/1.3.1/junit-platform-launcher-1.3.1.jar"/>
    <property name="java.vm.vendor" value="Oracle Corporation"/>
    <property name="sun.arch.data.model" value="64"/>
    <property name="java.vendor.url" value="http://java.oracle.com/"/>
    <property name="user.timezone" value=""/>
    <property name="java.vm.specification.version" value="11"/>
    <property name="os.name" value="Linux"/>
    <property name="user.country" value="BR"/>
    <property name="sun.java.launcher" value="SUN_STANDARD"/>
    <property name="sun.boot.library.path" value="/opt/jdk-11.0.2/lib"/>
    <property name="sun.java.command" value="org.apache.maven.surefire.booter.ForkedBooter /media/storage/java/toolbox-pom/tools/target/surefire 2019-04-09T17-02-14_356-jvmRun1 surefire2778273820024681785tmp surefire_0291926062407268717tmp"/>
    <property name="jdk.debug" value="release"/>
    <property name="test" value="us.pserver.tools.test.TestReflect"/>
    <property name="surefire.test.class.path" value="/media/storage/java/toolbox-pom/tools/target/test-classes:/home/juno/.m2/repository/org/junit/jupiter/junit-jupiter-api/5.4.1/junit-jupiter-api-5.4.1.jar:/home/juno/.m2/repository/org/apiguardian/apiguardian-api/1.0.0/apiguardian-api-1.0.0.jar:/home/juno/.m2/repository/org/opentest4j/opentest4j/1.1.1/opentest4j-1.1.1.jar:/home/juno/.m2/repository/org/junit/platform/junit-platform-commons/1.4.1/junit-platform-commons-1.4.1.jar:/home/juno/.m2/repository/org/junit/jupiter/junit-jupiter-engine/5.4.1/junit-jupiter-engine-5.4.1.jar:/home/juno/.m2/repository/org/junit/platform/junit-platform-engine/1.4.1/junit-platform-engine-1.4.1.jar:"/>
    <property name="sun.cpu.endian" value="little"/>
    <property name="user.home" value="/home/juno"/>
    <property name="user.language" value="pt"/>
    <property name="java.specification.vendor" value="Oracle Corporation"/>
    <property name="jdk.module.path" value="/media/storage/java/toolbox-pom/tools/target/classes"/>
    <property name="java.version.date" value="2019-01-15"/>
    <property name="java.home" value="/opt/jdk-11.0.2"/>
    <property name="file.separator" value="/"/>
    <property name="basedir" value="/media/storage/java/toolbox-pom/tools"/>
    <property name="java.vm.compressedOopsMode" value="Zero based"/>
    <property name="line.separator" value="&#10;"/>
    <property name="java.specification.name" value="Java Platform API Specification"/>
    <property name="java.vm.specification.vendor" value="Oracle Corporation"/>
    <property name="java.awt.graphicsenv" value="sun.awt.X11GraphicsEnvironment"/>
    <property name="sun.management.compiler" value="HotSpot 64-Bit Tiered Compilers"/>
    <property name="java.runtime.version" value="11.0.2+9"/>
    <property name="user.name" value="juno"/>
    <property name="path.separator" value=":"/>
    <property name="os.version" value="4.15.0-20-generic"/>
    <property name="java.runtime.name" value="OpenJDK Runtime Environment"/>
    <property name="file.encoding" value="UTF-8"/>
    <property name="java.vm.name" value="OpenJDK 64-Bit Server VM"/>
    <property name="java.vendor.version" value="18.9"/>
    <property name="maven.ext.class.path" value="/opt/netbeans-10/java/maven-nblib/netbeans-eventspy.jar"/>
    <property name="localRepository" value="/home/juno/.m2/repository"/>
    <property name="java.vendor.url.bug" value="http://bugreport.java.com/bugreport/"/>
    <property name="java.io.tmpdir" value="/tmp"/>
    <property name="java.version" value="11.0.2"/>
    <property name="user.dir" value="/media/storage/java/toolbox-pom/tools"/>
    <property name="os.arch" value="amd64"/>
    <property name="java.vm.specification.name" value="Java Virtual Machine Specification"/>
    <property name="java.awt.printerjob" value="sun.print.PSPrinterJob"/>
    <property name="sun.os.patch.level" value="unknown"/>
    <property name="java.library.path" value="/usr/java/packages/lib:/usr/lib64:/lib64:/lib:/usr/lib"/>
    <property name="java.vendor" value="Oracle Corporation"/>
    <property name="java.vm.info" value="mixed mode"/>
    <property name="java.vm.version" value="11.0.2+9"/>
    <property name="sun.io.unicode.encoding" value="UnicodeLittle"/>
    <property name="java.class.version" value="55.0"/>
  </properties>
  <testcase name="test_methodConsumer" classname="us.pserver.tools.test.TestReflect" time="0.013"/>
  <testcase name="test_constructor_supplier_performance[1]" classname="us.pserver.tools.test.TestReflect" time="0.956"/>
  <testcase name="test_constructor_supplier_performance[2]" classname="us.pserver.tools.test.TestReflect" time="1.522"/>
  <testcase name="test_constructor_supplier_performance[3]" classname="us.pserver.tools.test.TestReflect" time="1.489"/>
  <testcase name="test_methodRunnable" classname="us.pserver.tools.test.TestReflect" time="0.003"/>
  <testcase name="test_methodBiFunction" classname="us.pserver.tools.test.TestReflect" time="0.01"/>
  <testcase name="test_methodLambda" classname="us.pserver.tools.test.TestReflect" time="0.003"/>
  <testcase name="test_methodFunction" classname="us.pserver.tools.test.TestReflect" time="0.001"/>
  <testcase name="test_default_constructor" classname="us.pserver.tools.test.TestReflect" time="0.001"/>
  <testcase name="test_lambda_autobxing_performance[1]" classname="us.pserver.tools.test.TestReflect" time="0.948"/>
  <testcase name="test_lambda_autobxing_performance[2]" classname="us.pserver.tools.test.TestReflect" time="1.192"/>
  <testcase name="test_lambda_autobxing_performance[3]" classname="us.pserver.tools.test.TestReflect" time="1.547"/>
  <testcase name="test_methodFunction_performance[1]" classname="us.pserver.tools.test.TestReflect" time="11.661"/>
  <testcase name="test_methodFunction_performance[2]" classname="us.pserver.tools.test.TestReflect" time="11.6"/>
  <testcase name="test_methodFunction_performance[3]" classname="us.pserver.tools.test.TestReflect" time="11.557"/>
  <testcase name="test_greet_string_method" classname="us.pserver.tools.test.TestReflect" time="0"/>
  <testcase name="test_methodSupplier" classname="us.pserver.tools.test.TestReflect" time="0.001"/>
  <testcase name="test_string_constructor" classname="us.pserver.tools.test.TestReflect" time="0.001"/>
  <testcase name="test_withHello_method" classname="us.pserver.tools.test.TestReflect" time="0.002"/>
  <testcase name="test_magic_field" classname="us.pserver.tools.test.TestReflect" time="0.002"/>
  <testcase name="test_constructor_function_performance[1]" classname="us.pserver.tools.test.TestReflect" time="1.71"/>
  <testcase name="test_constructor_function_performance[2]" classname="us.pserver.tools.test.TestReflect" time="2.259"/>
  <testcase name="test_constructor_function_performance[3]" classname="us.pserver.tools.test.TestReflect" time="2.462"/>
  <testcase name="test_constructor_function_performance[4]" classname="us.pserver.tools.test.TestReflect" time="2.321"/>
  <testcase name="test_constructor_function_performance[5]" classname="us.pserver.tools.test.TestReflect" time="2.374"/>
  <testcase name="test_constructor_function_performance[6]" classname="us.pserver.tools.test.TestReflect" time="2.308"/>
  <testcase name="test_constructor_function_performance[7]" classname="us.pserver.tools.test.TestReflect" time="2.145"/>
  <testcase name="test_constructor_function_performance[8]" classname="us.pserver.tools.test.TestReflect" time="2.181"/>
  <testcase name="test_constructor_function_performance[9]" classname="us.pserver.tools.test.TestReflect" time="2.186"/>
  <testcase name="test_methodSupplier_performance[1]" classname="us.pserver.tools.test.TestReflect" time="11.831"/>
  <testcase name="test_methodSupplier_performance[2]" classname="us.pserver.tools.test.TestReflect" time="11.717"/>
  <testcase name="test_methodSupplier_performance[3]" classname="us.pserver.tools.test.TestReflect" time="12.315"/>
  <testcase name="test_greet_method" classname="us.pserver.tools.test.TestReflect" time="0.001"/>
</testsuite>